running egg_info
writing build/my_youbot/my_youbot.egg-info/PKG-INFO
writing dependency_links to build/my_youbot/my_youbot.egg-info/dependency_links.txt
writing entry points to build/my_youbot/my_youbot.egg-info/entry_points.txt
writing requirements to build/my_youbot/my_youbot.egg-info/requires.txt
writing top-level names to build/my_youbot/my_youbot.egg-info/top_level.txt
reading manifest file 'build/my_youbot/my_youbot.egg-info/SOURCES.txt'
adding license file 'LICENSE'
writing manifest file 'build/my_youbot/my_youbot.egg-info/SOURCES.txt'
running build
running build_py
running install
running install_lib
running install_data
copying launch/robot_launch.py -> /home/vadim/ros2_ws/src/my_youbot/install/my_youbot/share/my_youbot/launch
copying worlds/my_world_old.wbt -> /home/vadim/ros2_ws/src/my_youbot/install/my_youbot/share/my_youbot/worlds
running install_egg_info
removing '/home/vadim/ros2_ws/src/my_youbot/install/my_youbot/lib/python3.10/site-packages/my_youbot-0.0.0-py3.10.egg-info' (and everything under it)
Copying build/my_youbot/my_youbot.egg-info to /home/vadim/ros2_ws/src/my_youbot/install/my_youbot/lib/python3.10/site-packages/my_youbot-0.0.0-py3.10.egg-info
running install_scripts
Installing camera_node script to /home/vadim/ros2_ws/src/my_youbot/install/my_youbot/lib/my_youbot
Installing my_robot_driver script to /home/vadim/ros2_ws/src/my_youbot/install/my_youbot/lib/my_youbot
Installing obstacle_avoider script to /home/vadim/ros2_ws/src/my_youbot/install/my_youbot/lib/my_youbot
Installing obstacle_smach script to /home/vadim/ros2_ws/src/my_youbot/install/my_youbot/lib/my_youbot
writing list of installed files to '/home/vadim/ros2_ws/src/my_youbot/build/my_youbot/install.log'
