[0.868s] Invoking command in '/home/vadim/ros2_ws/src/my_youbot': PYTHONPATH=/home/vadim/ros2_ws/src/my_youbot/build/my_youbot/prefix_override:/usr/lib/python3/dist-packages/colcon_core/task/python/colcon_distutils_commands:/home/vadim/ros2_ws/src/my_youbot/install/my_youbot/lib/python3.10/site-packages:${PYTHONPATH} /usr/bin/python3 -W ignore:setup.py install is deprecated setup.py egg_info --egg-base build/my_youbot build --build-base /home/vadim/ros2_ws/src/my_youbot/build/my_youbot/build install --record /home/vadim/ros2_ws/src/my_youbot/build/my_youbot/install.log --single-version-externally-managed install_data
[1.101s] running egg_info
[1.102s] writing build/my_youbot/my_youbot.egg-info/PKG-INFO
[1.102s] writing dependency_links to build/my_youbot/my_youbot.egg-info/dependency_links.txt
[1.102s] writing entry points to build/my_youbot/my_youbot.egg-info/entry_points.txt
[1.103s] writing requirements to build/my_youbot/my_youbot.egg-info/requires.txt
[1.103s] writing top-level names to build/my_youbot/my_youbot.egg-info/top_level.txt
[1.105s] reading manifest file 'build/my_youbot/my_youbot.egg-info/SOURCES.txt'
[1.106s] adding license file 'LICENSE'
[1.107s] writing manifest file 'build/my_youbot/my_youbot.egg-info/SOURCES.txt'
[1.108s] running build
[1.108s] running build_py
[1.108s] running install
[1.108s] running install_lib
[1.111s] running install_data
[1.111s] copying worlds/my_world.wbt -> /home/vadim/ros2_ws/src/my_youbot/install/my_youbot/share/my_youbot/worlds
[1.111s] running install_egg_info
[1.113s] removing '/home/vadim/ros2_ws/src/my_youbot/install/my_youbot/lib/python3.10/site-packages/my_youbot-0.0.0-py3.10.egg-info' (and everything under it)
[1.114s] Copying build/my_youbot/my_youbot.egg-info to /home/vadim/ros2_ws/src/my_youbot/install/my_youbot/lib/python3.10/site-packages/my_youbot-0.0.0-py3.10.egg-info
[1.116s] running install_scripts
[1.138s] Installing my_robot_driver script to /home/vadim/ros2_ws/src/my_youbot/install/my_youbot/lib/my_youbot
[1.138s] writing list of installed files to '/home/vadim/ros2_ws/src/my_youbot/build/my_youbot/install.log'
[1.163s] Invoked command in '/home/vadim/ros2_ws/src/my_youbot' returned '0': PYTHONPATH=/home/vadim/ros2_ws/src/my_youbot/build/my_youbot/prefix_override:/usr/lib/python3/dist-packages/colcon_core/task/python/colcon_distutils_commands:/home/vadim/ros2_ws/src/my_youbot/install/my_youbot/lib/python3.10/site-packages:${PYTHONPATH} /usr/bin/python3 -W ignore:setup.py install is deprecated setup.py egg_info --egg-base build/my_youbot build --build-base /home/vadim/ros2_ws/src/my_youbot/build/my_youbot/build install --record /home/vadim/ros2_ws/src/my_youbot/build/my_youbot/install.log --single-version-externally-managed install_data
