/home/vadim/ros2_ws/src/my_youbot/install/my_youbot/lib/python3.10/site-packages/my_youbot/camera_node.py
/home/vadim/ros2_ws/src/my_youbot/install/my_youbot/lib/python3.10/site-packages/my_youbot/get_xyz.py
/home/vadim/ros2_ws/src/my_youbot/install/my_youbot/lib/python3.10/site-packages/my_youbot/my_robot_driver.py
/home/vadim/ros2_ws/src/my_youbot/install/my_youbot/lib/python3.10/site-packages/my_youbot/smach.py
/home/vadim/ros2_ws/src/my_youbot/install/my_youbot/lib/python3.10/site-packages/my_youbot/__init__.py
/home/vadim/ros2_ws/src/my_youbot/install/my_youbot/lib/python3.10/site-packages/my_youbot/control_motor.py
/home/vadim/ros2_ws/src/my_youbot/install/my_youbot/lib/python3.10/site-packages/my_youbot/__pycache__/camera_node.cpython-310.pyc
/home/vadim/ros2_ws/src/my_youbot/install/my_youbot/lib/python3.10/site-packages/my_youbot/__pycache__/get_xyz.cpython-310.pyc
/home/vadim/ros2_ws/src/my_youbot/install/my_youbot/lib/python3.10/site-packages/my_youbot/__pycache__/my_robot_driver.cpython-310.pyc
/home/vadim/ros2_ws/src/my_youbot/install/my_youbot/lib/python3.10/site-packages/my_youbot/__pycache__/smach.cpython-310.pyc
/home/vadim/ros2_ws/src/my_youbot/install/my_youbot/lib/python3.10/site-packages/my_youbot/__pycache__/__init__.cpython-310.pyc
/home/vadim/ros2_ws/src/my_youbot/install/my_youbot/lib/python3.10/site-packages/my_youbot/__pycache__/control_motor.cpython-310.pyc
/home/vadim/ros2_ws/src/my_youbot/install/my_youbot/share/ament_index/resource_index/packages/my_youbot
/home/vadim/ros2_ws/src/my_youbot/install/my_youbot/share/my_youbot/launch/robot_launch.py
/home/vadim/ros2_ws/src/my_youbot/install/my_youbot/share/my_youbot/launch/robot_launch1.py
/home/vadim/ros2_ws/src/my_youbot/install/my_youbot/share/my_youbot/worlds/my_world_old.wbt
/home/vadim/ros2_ws/src/my_youbot/install/my_youbot/share/my_youbot/worlds/my_world_new.wbt
/home/vadim/ros2_ws/src/my_youbot/install/my_youbot/share/my_youbot/resource/my_robot.urdf
/home/vadim/ros2_ws/src/my_youbot/install/my_youbot/share/my_youbot/package.xml
/home/vadim/ros2_ws/src/my_youbot/install/my_youbot/lib/python3.10/site-packages/my_youbot-0.0.0-py3.10.egg-info/zip-safe
/home/vadim/ros2_ws/src/my_youbot/install/my_youbot/lib/python3.10/site-packages/my_youbot-0.0.0-py3.10.egg-info/SOURCES.txt
/home/vadim/ros2_ws/src/my_youbot/install/my_youbot/lib/python3.10/site-packages/my_youbot-0.0.0-py3.10.egg-info/top_level.txt
/home/vadim/ros2_ws/src/my_youbot/install/my_youbot/lib/python3.10/site-packages/my_youbot-0.0.0-py3.10.egg-info/entry_points.txt
/home/vadim/ros2_ws/src/my_youbot/install/my_youbot/lib/python3.10/site-packages/my_youbot-0.0.0-py3.10.egg-info/PKG-INFO
/home/vadim/ros2_ws/src/my_youbot/install/my_youbot/lib/python3.10/site-packages/my_youbot-0.0.0-py3.10.egg-info/requires.txt
/home/vadim/ros2_ws/src/my_youbot/install/my_youbot/lib/python3.10/site-packages/my_youbot-0.0.0-py3.10.egg-info/dependency_links.txt
/home/vadim/ros2_ws/src/my_youbot/install/my_youbot/lib/my_youbot/camera_node
/home/vadim/ros2_ws/src/my_youbot/install/my_youbot/lib/my_youbot/control_motor
/home/vadim/ros2_ws/src/my_youbot/install/my_youbot/lib/my_youbot/my_robot_driver
/home/vadim/ros2_ws/src/my_youbot/install/my_youbot/lib/my_youbot/smach
