[0.643s] Invoking command in '/home/vadim/ros2_ws/src/my_youbot': PYTHONPATH=/home/vadim/ros2_ws/src/my_youbot/build/my_youbot/prefix_override:/usr/lib/python3/dist-packages/colcon_core/task/python/colcon_distutils_commands:/home/vadim/ros2_ws/src/my_youbot/install/my_youbot/lib/python3.10/site-packages:${PYTHONPATH} /usr/bin/python3 -W ignore:setup.py install is deprecated setup.py egg_info --egg-base build/my_youbot build --build-base /home/vadim/ros2_ws/src/my_youbot/build/my_youbot/build install --record /home/vadim/ros2_ws/src/my_youbot/build/my_youbot/install.log --single-version-externally-managed install_data
[0.899s] running egg_info
[0.899s] writing build/my_youbot/my_youbot.egg-info/PKG-INFO
[0.900s] writing dependency_links to build/my_youbot/my_youbot.egg-info/dependency_links.txt
[0.901s] writing entry points to build/my_youbot/my_youbot.egg-info/entry_points.txt
[0.901s] writing requirements to build/my_youbot/my_youbot.egg-info/requires.txt
[0.901s] writing top-level names to build/my_youbot/my_youbot.egg-info/top_level.txt
[0.903s] reading manifest file 'build/my_youbot/my_youbot.egg-info/SOURCES.txt'
[0.903s] adding license file 'LICENSE'
[0.903s] writing manifest file 'build/my_youbot/my_youbot.egg-info/SOURCES.txt'
[0.904s] running build
[0.904s] running build_py
[0.904s] copying my_youbot/obstacle_smach.py -> /home/vadim/ros2_ws/src/my_youbot/build/my_youbot/build/lib/my_youbot
[0.905s] running install
[0.905s] running install_lib
[0.905s] copying /home/vadim/ros2_ws/src/my_youbot/build/my_youbot/build/lib/my_youbot/obstacle_smach.py -> /home/vadim/ros2_ws/src/my_youbot/install/my_youbot/lib/python3.10/site-packages/my_youbot
[0.906s] byte-compiling /home/vadim/ros2_ws/src/my_youbot/install/my_youbot/lib/python3.10/site-packages/my_youbot/obstacle_smach.py to obstacle_smach.cpython-310.pyc
[0.907s] running install_data
[0.908s] running install_egg_info
[0.909s] removing '/home/vadim/ros2_ws/src/my_youbot/install/my_youbot/lib/python3.10/site-packages/my_youbot-0.0.0-py3.10.egg-info' (and everything under it)
[0.910s] Copying build/my_youbot/my_youbot.egg-info to /home/vadim/ros2_ws/src/my_youbot/install/my_youbot/lib/python3.10/site-packages/my_youbot-0.0.0-py3.10.egg-info
[0.912s] running install_scripts
[0.935s] Installing camera_node script to /home/vadim/ros2_ws/src/my_youbot/install/my_youbot/lib/my_youbot
[0.936s] Installing my_robot_driver script to /home/vadim/ros2_ws/src/my_youbot/install/my_youbot/lib/my_youbot
[0.936s] Installing obstacle_avoider script to /home/vadim/ros2_ws/src/my_youbot/install/my_youbot/lib/my_youbot
[0.936s] Installing obstacle_smach script to /home/vadim/ros2_ws/src/my_youbot/install/my_youbot/lib/my_youbot
[0.936s] writing list of installed files to '/home/vadim/ros2_ws/src/my_youbot/build/my_youbot/install.log'
[0.961s] Invoked command in '/home/vadim/ros2_ws/src/my_youbot' returned '0': PYTHONPATH=/home/vadim/ros2_ws/src/my_youbot/build/my_youbot/prefix_override:/usr/lib/python3/dist-packages/colcon_core/task/python/colcon_distutils_commands:/home/vadim/ros2_ws/src/my_youbot/install/my_youbot/lib/python3.10/site-packages:${PYTHONPATH} /usr/bin/python3 -W ignore:setup.py install is deprecated setup.py egg_info --egg-base build/my_youbot build --build-base /home/vadim/ros2_ws/src/my_youbot/build/my_youbot/build install --record /home/vadim/ros2_ws/src/my_youbot/build/my_youbot/install.log --single-version-externally-managed install_data
