[1.820s] DEBUG:colcon:Command line arguments: ['/usr/bin/colcon', 'build']
[1.820s] DEBUG:colcon:Parsed command line arguments: Namespace(log_base=None, log_level=None, verb_name='build', build_base='build', install_base='install', merge_install=False, symlink_install=False, test_result_base=None, continue_on_error=False, executor='parallel', parallel_workers=8, event_handlers=None, ignore_user_meta=False, metas=['./colcon.meta'], base_paths=['.'], packages_ignore=None, packages_ignore_regex=None, paths=None, packages_up_to=None, packages_up_to_regex=None, packages_above=None, packages_above_and_dependencies=None, packages_above_depth=None, packages_select_by_dep=None, packages_skip_by_dep=None, packages_skip_up_to=None, packages_select_build_failed=False, packages_skip_build_finished=False, packages_select_test_failures=False, packages_skip_test_passed=False, packages_select=None, packages_skip=None, packages_select_regex=None, packages_skip_regex=None, packages_start=None, packages_end=None, allow_overriding=[], cmake_args=None, cmake_target=None, cmake_target_skip_unavailable=False, cmake_clean_cache=False, cmake_clean_first=False, cmake_force_configure=False, ament_cmake_args=None, catkin_cmake_args=None, catkin_skip_building_tests=False, verb_parser=<colcon_defaults.argument_parser.defaults.DefaultArgumentsDecorator object at 0x7f623d0265f0>, verb_extension=<colcon_core.verb.build.BuildVerb object at 0x7f623d026020>, main=<bound method BuildVerb.main of <colcon_core.verb.build.BuildVerb object at 0x7f623d026020>>)
[3.630s] Level 1:colcon.colcon_core.package_discovery:discover_packages(colcon_meta) check parameters
[3.630s] Level 1:colcon.colcon_core.package_discovery:discover_packages(recursive) check parameters
[3.630s] Level 1:colcon.colcon_core.package_discovery:discover_packages(ignore) check parameters
[3.630s] Level 1:colcon.colcon_core.package_discovery:discover_packages(path) check parameters
[3.630s] Level 1:colcon.colcon_core.package_discovery:discover_packages(colcon_meta) discover
[3.630s] Level 1:colcon.colcon_core.package_discovery:discover_packages(recursive) discover
[3.630s] INFO:colcon.colcon_core.package_discovery:Crawling recursively for packages in '/home/vadim/ros2_ws/src/my_youbot'
[3.640s] Level 1:colcon.colcon_core.package_identification:_identify(.) by extensions ['ignore', 'ignore_ament_install']
[3.640s] Level 1:colcon.colcon_core.package_identification:_identify(.) by extension 'ignore'
[3.640s] Level 1:colcon.colcon_core.package_identification:_identify(.) by extension 'ignore_ament_install'
[3.640s] Level 1:colcon.colcon_core.package_identification:_identify(.) by extensions ['colcon_pkg']
[3.640s] Level 1:colcon.colcon_core.package_identification:_identify(.) by extension 'colcon_pkg'
[3.640s] Level 1:colcon.colcon_core.package_identification:_identify(.) by extensions ['colcon_meta']
[3.640s] Level 1:colcon.colcon_core.package_identification:_identify(.) by extension 'colcon_meta'
[3.640s] Level 1:colcon.colcon_core.package_identification:_identify(.) by extensions ['ros']
[3.640s] Level 1:colcon.colcon_core.package_identification:_identify(.) by extension 'ros'
[3.820s] DEBUG:colcon.colcon_core.package_identification:Package '.' with type 'ros.ament_python' and name 'my_youbot'
[3.820s] Level 1:colcon.colcon_core.package_discovery:discover_packages(recursive) using defaults
[3.820s] Level 1:colcon.colcon_core.package_discovery:discover_packages(ignore) discover
[3.820s] Level 1:colcon.colcon_core.package_discovery:discover_packages(ignore) using defaults
[3.820s] Level 1:colcon.colcon_core.package_discovery:discover_packages(path) discover
[3.820s] Level 1:colcon.colcon_core.package_discovery:discover_packages(path) using defaults
[4.050s] Level 1:colcon.colcon_core.package_discovery:discover_packages(prefix_path) check parameters
[4.050s] Level 1:colcon.colcon_core.package_discovery:discover_packages(prefix_path) discover
[4.070s] DEBUG:colcon.colcon_installed_package_information.package_discovery:Found 1 installed packages in /home/vadim/ros2_ws/src/my_youbot/install
[4.080s] DEBUG:colcon.colcon_installed_package_information.package_discovery:Found 16 installed packages in /home/vadim/ros2_ws/install
[4.090s] DEBUG:colcon.colcon_installed_package_information.package_discovery:Found 293 installed packages in /opt/ros/humble
[4.110s] Level 1:colcon.colcon_core.package_discovery:discover_packages(prefix_path) using defaults
[4.650s] Level 5:colcon.colcon_core.verb:set package 'my_youbot' build argument 'cmake_args' from command line to 'None'
[4.651s] Level 5:colcon.colcon_core.verb:set package 'my_youbot' build argument 'cmake_target' from command line to 'None'
[4.660s] Level 5:colcon.colcon_core.verb:set package 'my_youbot' build argument 'cmake_target_skip_unavailable' from command line to 'False'
[4.660s] Level 5:colcon.colcon_core.verb:set package 'my_youbot' build argument 'cmake_clean_cache' from command line to 'False'
[4.660s] Level 5:colcon.colcon_core.verb:set package 'my_youbot' build argument 'cmake_clean_first' from command line to 'False'
[4.660s] Level 5:colcon.colcon_core.verb:set package 'my_youbot' build argument 'cmake_force_configure' from command line to 'False'
[4.660s] Level 5:colcon.colcon_core.verb:set package 'my_youbot' build argument 'ament_cmake_args' from command line to 'None'
[4.660s] Level 5:colcon.colcon_core.verb:set package 'my_youbot' build argument 'catkin_cmake_args' from command line to 'None'
[4.660s] Level 5:colcon.colcon_core.verb:set package 'my_youbot' build argument 'catkin_skip_building_tests' from command line to 'False'
[4.660s] DEBUG:colcon.colcon_core.verb:Building package 'my_youbot' with the following arguments: {'ament_cmake_args': None, 'build_base': '/home/vadim/ros2_ws/src/my_youbot/build/my_youbot', 'catkin_cmake_args': None, 'catkin_skip_building_tests': False, 'cmake_args': None, 'cmake_clean_cache': False, 'cmake_clean_first': False, 'cmake_force_configure': False, 'cmake_target': None, 'cmake_target_skip_unavailable': False, 'install_base': '/home/vadim/ros2_ws/src/my_youbot/install/my_youbot', 'merge_install': False, 'path': '/home/vadim/ros2_ws/src/my_youbot', 'symlink_install': False, 'test_result_base': None}
[4.660s] INFO:colcon.colcon_core.executor:Executing jobs using 'parallel' executor
[4.670s] DEBUG:colcon.colcon_parallel_executor.executor.parallel:run_until_complete
[4.670s] INFO:colcon.colcon_ros.task.ament_python.build:Building ROS package in '/home/vadim/ros2_ws/src/my_youbot' with build type 'ament_python'
[4.670s] Level 1:colcon.colcon_core.shell:create_environment_hook('my_youbot', 'ament_prefix_path')
[4.710s] INFO:colcon.colcon_core.plugin_system:Skipping extension 'colcon_core.shell.bat': Not used on non-Windows systems
[4.710s] INFO:colcon.colcon_core.shell:Creating environment hook '/home/vadim/ros2_ws/src/my_youbot/install/my_youbot/share/my_youbot/hook/ament_prefix_path.ps1'
[4.720s] INFO:colcon.colcon_core.shell:Creating environment descriptor '/home/vadim/ros2_ws/src/my_youbot/install/my_youbot/share/my_youbot/hook/ament_prefix_path.dsv'
[4.720s] INFO:colcon.colcon_core.shell:Creating environment hook '/home/vadim/ros2_ws/src/my_youbot/install/my_youbot/share/my_youbot/hook/ament_prefix_path.sh'
[4.730s] INFO:colcon.colcon_core.shell:Skip shell extension 'powershell' for command environment: Not usable outside of PowerShell
[4.740s] DEBUG:colcon.colcon_core.shell:Skip shell extension 'dsv' for command environment
[7.980s] INFO:colcon.colcon_core.task.python.build:Building Python package in '/home/vadim/ros2_ws/src/my_youbot'
[7.980s] INFO:colcon.colcon_core.shell:Skip shell extension 'powershell' for command environment: Not usable outside of PowerShell
[7.981s] DEBUG:colcon.colcon_core.shell:Skip shell extension 'dsv' for command environment
[12.860s] DEBUG:colcon.colcon_core.event_handler.log_command:Invoking command in '/home/vadim/ros2_ws/src/my_youbot': PYTHONPATH=/home/vadim/ros2_ws/src/my_youbot/build/my_youbot/prefix_override:/usr/lib/python3/dist-packages/colcon_core/task/python/colcon_distutils_commands:/home/vadim/ros2_ws/src/my_youbot/install/my_youbot/lib/python3.10/site-packages:${PYTHONPATH} /usr/bin/python3 -W ignore:setup.py install is deprecated setup.py egg_info --egg-base build/my_youbot build --build-base /home/vadim/ros2_ws/src/my_youbot/build/my_youbot/build install --record /home/vadim/ros2_ws/src/my_youbot/build/my_youbot/install.log --single-version-externally-managed install_data
[16.900s] DEBUG:colcon.colcon_core.event_handler.log_command:Invoked command in '/home/vadim/ros2_ws/src/my_youbot' returned '0': PYTHONPATH=/home/vadim/ros2_ws/src/my_youbot/build/my_youbot/prefix_override:/usr/lib/python3/dist-packages/colcon_core/task/python/colcon_distutils_commands:/home/vadim/ros2_ws/src/my_youbot/install/my_youbot/lib/python3.10/site-packages:${PYTHONPATH} /usr/bin/python3 -W ignore:setup.py install is deprecated setup.py egg_info --egg-base build/my_youbot build --build-base /home/vadim/ros2_ws/src/my_youbot/build/my_youbot/build install --record /home/vadim/ros2_ws/src/my_youbot/build/my_youbot/install.log --single-version-externally-managed install_data
[16.930s] Level 1:colcon.colcon_core.environment:checking '/home/vadim/ros2_ws/src/my_youbot/install/my_youbot' for CMake module files
[16.940s] Level 1:colcon.colcon_core.environment:checking '/home/vadim/ros2_ws/src/my_youbot/install/my_youbot' for CMake config files
[16.950s] Level 1:colcon.colcon_core.environment:checking '/home/vadim/ros2_ws/src/my_youbot/install/my_youbot/lib'
[16.950s] Level 1:colcon.colcon_core.environment:checking '/home/vadim/ros2_ws/src/my_youbot/install/my_youbot/bin'
[16.960s] Level 1:colcon.colcon_core.environment:checking '/home/vadim/ros2_ws/src/my_youbot/install/my_youbot/lib/pkgconfig/my_youbot.pc'
[16.960s] Level 1:colcon.colcon_core.environment:checking '/home/vadim/ros2_ws/src/my_youbot/install/my_youbot/lib/python3.10/site-packages'
[16.960s] Level 1:colcon.colcon_core.shell:create_environment_hook('my_youbot', 'pythonpath')
[16.960s] INFO:colcon.colcon_core.shell:Creating environment hook '/home/vadim/ros2_ws/src/my_youbot/install/my_youbot/share/my_youbot/hook/pythonpath.ps1'
[16.970s] INFO:colcon.colcon_core.shell:Creating environment descriptor '/home/vadim/ros2_ws/src/my_youbot/install/my_youbot/share/my_youbot/hook/pythonpath.dsv'
[16.970s] INFO:colcon.colcon_core.shell:Creating environment hook '/home/vadim/ros2_ws/src/my_youbot/install/my_youbot/share/my_youbot/hook/pythonpath.sh'
[16.980s] Level 1:colcon.colcon_core.environment:checking '/home/vadim/ros2_ws/src/my_youbot/install/my_youbot/bin'
[16.980s] Level 1:colcon.colcon_core.environment:create_environment_scripts_only(my_youbot)
[16.990s] INFO:colcon.colcon_core.shell:Creating package script '/home/vadim/ros2_ws/src/my_youbot/install/my_youbot/share/my_youbot/package.ps1'
[17.000s] INFO:colcon.colcon_core.shell:Creating package descriptor '/home/vadim/ros2_ws/src/my_youbot/install/my_youbot/share/my_youbot/package.dsv'
[17.010s] INFO:colcon.colcon_core.shell:Creating package script '/home/vadim/ros2_ws/src/my_youbot/install/my_youbot/share/my_youbot/package.sh'
[17.020s] INFO:colcon.colcon_core.shell:Creating package script '/home/vadim/ros2_ws/src/my_youbot/install/my_youbot/share/my_youbot/package.bash'
[17.020s] INFO:colcon.colcon_core.shell:Creating package script '/home/vadim/ros2_ws/src/my_youbot/install/my_youbot/share/my_youbot/package.zsh'
[17.040s] Level 1:colcon.colcon_core.environment:create_file_with_runtime_dependencies(/home/vadim/ros2_ws/src/my_youbot/install/my_youbot/share/colcon-core/packages/my_youbot)
[17.040s] DEBUG:colcon.colcon_parallel_executor.executor.parallel:closing loop
[17.040s] DEBUG:colcon.colcon_parallel_executor.executor.parallel:loop closed
[17.060s] DEBUG:colcon.colcon_parallel_executor.executor.parallel:run_until_complete finished with '0'
[17.060s] DEBUG:colcon.colcon_core.event_reactor:joining thread
[17.570s] INFO:colcon.colcon_core.plugin_system:Skipping extension 'colcon_notification.desktop_notification.notify_send': Could not find 'notify-send'
[17.570s] INFO:colcon.colcon_core.plugin_system:Skipping extension 'colcon_notification.desktop_notification.terminal_notifier': Not used on non-Darwin systems
[17.570s] INFO:colcon.colcon_core.plugin_system:Skipping extension 'colcon_notification.desktop_notification.win32': Not used on non-Windows systems
[17.570s] INFO:colcon.colcon_notification.desktop_notification:Sending desktop notification using 'notify2'
[17.570s] DEBUG:colcon.colcon_notification.desktop_notification.notify2:Failed to initialize notify2: org.freedesktop.DBus.Error.FileNotFound: Failed to connect to socket /run/user/1000/bus: No such file or directory
[17.570s] DEBUG:colcon.colcon_core.event_reactor:joined thread
[17.580s] INFO:colcon.colcon_core.shell:Creating prefix script '/home/vadim/ros2_ws/src/my_youbot/install/local_setup.ps1'
[17.590s] INFO:colcon.colcon_core.shell:Creating prefix util module '/home/vadim/ros2_ws/src/my_youbot/install/_local_setup_util_ps1.py'
[17.600s] INFO:colcon.colcon_core.shell:Creating prefix chain script '/home/vadim/ros2_ws/src/my_youbot/install/setup.ps1'
[17.620s] INFO:colcon.colcon_core.shell:Creating prefix script '/home/vadim/ros2_ws/src/my_youbot/install/local_setup.sh'
[17.620s] INFO:colcon.colcon_core.shell:Creating prefix util module '/home/vadim/ros2_ws/src/my_youbot/install/_local_setup_util_sh.py'
[17.630s] INFO:colcon.colcon_core.shell:Creating prefix chain script '/home/vadim/ros2_ws/src/my_youbot/install/setup.sh'
[17.650s] INFO:colcon.colcon_core.shell:Creating prefix script '/home/vadim/ros2_ws/src/my_youbot/install/local_setup.bash'
[17.650s] INFO:colcon.colcon_core.shell:Creating prefix chain script '/home/vadim/ros2_ws/src/my_youbot/install/setup.bash'
[17.670s] INFO:colcon.colcon_core.shell:Creating prefix script '/home/vadim/ros2_ws/src/my_youbot/install/local_setup.zsh'
[17.680s] INFO:colcon.colcon_core.shell:Creating prefix chain script '/home/vadim/ros2_ws/src/my_youbot/install/setup.zsh'
