[0.955s] Invoking command in '/home/vadim/ros2_ws/src/my_youbot': PYTHONPATH=/home/vadim/ros2_ws/src/my_youbot/build/my_youbot/prefix_override:/usr/lib/python3/dist-packages/colcon_core/task/python/colcon_distutils_commands:/home/vadim/ros2_ws/src/my_youbot/install/my_youbot/lib/python3.10/site-packages:${PYTHONPATH} /usr/bin/python3 -W ignore:setup.py install is deprecated setup.py egg_info --egg-base build/my_youbot build --build-base /home/vadim/ros2_ws/src/my_youbot/build/my_youbot/build install --record /home/vadim/ros2_ws/src/my_youbot/build/my_youbot/install.log --single-version-externally-managed install_data
[1.164s] running egg_info
[1.165s] writing build/my_youbot/my_youbot.egg-info/PKG-INFO
[1.167s] writing dependency_links to build/my_youbot/my_youbot.egg-info/dependency_links.txt
[1.168s] writing entry points to build/my_youbot/my_youbot.egg-info/entry_points.txt
[1.169s] writing requirements to build/my_youbot/my_youbot.egg-info/requires.txt
[1.169s] writing top-level names to build/my_youbot/my_youbot.egg-info/top_level.txt
[1.171s] reading manifest file 'build/my_youbot/my_youbot.egg-info/SOURCES.txt'
[1.173s] adding license file 'LICENSE'
[1.174s] writing manifest file 'build/my_youbot/my_youbot.egg-info/SOURCES.txt'
[1.174s] running build
[1.174s] running build_py
[1.174s] copying my_youbot/camera_node.py -> /home/vadim/ros2_ws/src/my_youbot/build/my_youbot/build/lib/my_youbot
[1.175s] running install
[1.175s] running install_lib
[1.177s] copying /home/vadim/ros2_ws/src/my_youbot/build/my_youbot/build/lib/my_youbot/camera_node.py -> /home/vadim/ros2_ws/src/my_youbot/install/my_youbot/lib/python3.10/site-packages/my_youbot
[1.178s] byte-compiling /home/vadim/ros2_ws/src/my_youbot/install/my_youbot/lib/python3.10/site-packages/my_youbot/camera_node.py to camera_node.cpython-310.pyc
[1.180s] running install_data
[1.180s] copying worlds/my_world.wbt -> /home/vadim/ros2_ws/src/my_youbot/install/my_youbot/share/my_youbot/worlds
[1.182s] running install_egg_info
[1.184s] removing '/home/vadim/ros2_ws/src/my_youbot/install/my_youbot/lib/python3.10/site-packages/my_youbot-0.0.0-py3.10.egg-info' (and everything under it)
[1.185s] Copying build/my_youbot/my_youbot.egg-info to /home/vadim/ros2_ws/src/my_youbot/install/my_youbot/lib/python3.10/site-packages/my_youbot-0.0.0-py3.10.egg-info
[1.187s] running install_scripts
[1.205s] Installing camera_node script to /home/vadim/ros2_ws/src/my_youbot/install/my_youbot/lib/my_youbot
[1.206s] Installing my_robot_driver script to /home/vadim/ros2_ws/src/my_youbot/install/my_youbot/lib/my_youbot
[1.206s] Installing obstacle_avoider script to /home/vadim/ros2_ws/src/my_youbot/install/my_youbot/lib/my_youbot
[1.207s] Installing obstacle_smach script to /home/vadim/ros2_ws/src/my_youbot/install/my_youbot/lib/my_youbot
[1.208s] writing list of installed files to '/home/vadim/ros2_ws/src/my_youbot/build/my_youbot/install.log'
[1.232s] Invoked command in '/home/vadim/ros2_ws/src/my_youbot' returned '0': PYTHONPATH=/home/vadim/ros2_ws/src/my_youbot/build/my_youbot/prefix_override:/usr/lib/python3/dist-packages/colcon_core/task/python/colcon_distutils_commands:/home/vadim/ros2_ws/src/my_youbot/install/my_youbot/lib/python3.10/site-packages:${PYTHONPATH} /usr/bin/python3 -W ignore:setup.py install is deprecated setup.py egg_info --egg-base build/my_youbot build --build-base /home/vadim/ros2_ws/src/my_youbot/build/my_youbot/build install --record /home/vadim/ros2_ws/src/my_youbot/build/my_youbot/install.log --single-version-externally-managed install_data
