running egg_info
creating build/my_youbot/my_youbot.egg-info
writing build/my_youbot/my_youbot.egg-info/PKG-INFO
writing dependency_links to build/my_youbot/my_youbot.egg-info/dependency_links.txt
writing entry points to build/my_youbot/my_youbot.egg-info/entry_points.txt
writing requirements to build/my_youbot/my_youbot.egg-info/requires.txt
writing top-level names to build/my_youbot/my_youbot.egg-info/top_level.txt
writing manifest file 'build/my_youbot/my_youbot.egg-info/SOURCES.txt'
reading manifest file 'build/my_youbot/my_youbot.egg-info/SOURCES.txt'
adding license file 'LICENSE'
writing manifest file 'build/my_youbot/my_youbot.egg-info/SOURCES.txt'
running build
running build_py
creating /home/vadim/ros2_ws/src/my_youbot/build/my_youbot/build
creating /home/vadim/ros2_ws/src/my_youbot/build/my_youbot/build/lib
creating /home/vadim/ros2_ws/src/my_youbot/build/my_youbot/build/lib/my_youbot
copying my_youbot/my_robot_driver.py -> /home/vadim/ros2_ws/src/my_youbot/build/my_youbot/build/lib/my_youbot
copying my_youbot/__init__.py -> /home/vadim/ros2_ws/src/my_youbot/build/my_youbot/build/lib/my_youbot
running install
running install_lib
creating /home/vadim/ros2_ws/src/my_youbot/install/my_youbot/lib/python3.10/site-packages/my_youbot
copying /home/vadim/ros2_ws/src/my_youbot/build/my_youbot/build/lib/my_youbot/my_robot_driver.py -> /home/vadim/ros2_ws/src/my_youbot/install/my_youbot/lib/python3.10/site-packages/my_youbot
copying /home/vadim/ros2_ws/src/my_youbot/build/my_youbot/build/lib/my_youbot/__init__.py -> /home/vadim/ros2_ws/src/my_youbot/install/my_youbot/lib/python3.10/site-packages/my_youbot
byte-compiling /home/vadim/ros2_ws/src/my_youbot/install/my_youbot/lib/python3.10/site-packages/my_youbot/my_robot_driver.py to my_robot_driver.cpython-310.pyc
byte-compiling /home/vadim/ros2_ws/src/my_youbot/install/my_youbot/lib/python3.10/site-packages/my_youbot/__init__.py to __init__.cpython-310.pyc
running install_data
creating /home/vadim/ros2_ws/src/my_youbot/install/my_youbot/share/ament_index
creating /home/vadim/ros2_ws/src/my_youbot/install/my_youbot/share/ament_index/resource_index
creating /home/vadim/ros2_ws/src/my_youbot/install/my_youbot/share/ament_index/resource_index/packages
copying resource/my_youbot -> /home/vadim/ros2_ws/src/my_youbot/install/my_youbot/share/ament_index/resource_index/packages
creating /home/vadim/ros2_ws/src/my_youbot/install/my_youbot/share/my_youbot/launch
copying launch/robot_launch.py -> /home/vadim/ros2_ws/src/my_youbot/install/my_youbot/share/my_youbot/launch
creating /home/vadim/ros2_ws/src/my_youbot/install/my_youbot/share/my_youbot/worlds
copying worlds/my_world.wbt -> /home/vadim/ros2_ws/src/my_youbot/install/my_youbot/share/my_youbot/worlds
creating /home/vadim/ros2_ws/src/my_youbot/install/my_youbot/share/my_youbot/resource
copying resource/my_robot.urdf -> /home/vadim/ros2_ws/src/my_youbot/install/my_youbot/share/my_youbot/resource
copying package.xml -> /home/vadim/ros2_ws/src/my_youbot/install/my_youbot/share/my_youbot
running install_egg_info
Copying build/my_youbot/my_youbot.egg-info to /home/vadim/ros2_ws/src/my_youbot/install/my_youbot/lib/python3.10/site-packages/my_youbot-0.0.0-py3.10.egg-info
running install_scripts
Installing my_robot_driver script to /home/vadim/ros2_ws/src/my_youbot/install/my_youbot/lib/my_youbot
writing list of installed files to '/home/vadim/ros2_ws/src/my_youbot/build/my_youbot/install.log'
