[1.499s] DEBUG:colcon:Command line arguments: ['/usr/bin/colcon', 'build']
[1.499s] DEBUG:colcon:Parsed command line arguments: Namespace(log_base=None, log_level=None, verb_name='build', build_base='build', install_base='install', merge_install=False, symlink_install=False, test_result_base=None, continue_on_error=False, executor='parallel', parallel_workers=8, event_handlers=None, ignore_user_meta=False, metas=['./colcon.meta'], base_paths=['.'], packages_ignore=None, packages_ignore_regex=None, paths=None, packages_up_to=None, packages_up_to_regex=None, packages_above=None, packages_above_and_dependencies=None, packages_above_depth=None, packages_select_by_dep=None, packages_skip_by_dep=None, packages_skip_up_to=None, packages_select_build_failed=False, packages_skip_build_finished=False, packages_select_test_failures=False, packages_skip_test_passed=False, packages_select=None, packages_skip=None, packages_select_regex=None, packages_skip_regex=None, packages_start=None, packages_end=None, allow_overriding=[], cmake_args=None, cmake_target=None, cmake_target_skip_unavailable=False, cmake_clean_cache=False, cmake_clean_first=False, cmake_force_configure=False, ament_cmake_args=None, catkin_cmake_args=None, catkin_skip_building_tests=False, verb_parser=<colcon_defaults.argument_parser.defaults.DefaultArgumentsDecorator object at 0x7fdaa93a65f0>, verb_extension=<colcon_core.verb.build.BuildVerb object at 0x7fdaa93a6020>, main=<bound method BuildVerb.main of <colcon_core.verb.build.BuildVerb object at 0x7fdaa93a6020>>)
[2.880s] Level 1:colcon.colcon_core.package_discovery:discover_packages(colcon_meta) check parameters
[2.889s] Level 1:colcon.colcon_core.package_discovery:discover_packages(recursive) check parameters
[2.889s] Level 1:colcon.colcon_core.package_discovery:discover_packages(ignore) check parameters
[2.889s] Level 1:colcon.colcon_core.package_discovery:discover_packages(path) check parameters
[2.889s] Level 1:colcon.colcon_core.package_discovery:discover_packages(colcon_meta) discover
[2.889s] Level 1:colcon.colcon_core.package_discovery:discover_packages(recursive) discover
[2.889s] INFO:colcon.colcon_core.package_discovery:Crawling recursively for packages in '/home/vadim/ros2_ws/src/my_youbot'
[2.889s] Level 1:colcon.colcon_core.package_identification:_identify(.) by extensions ['ignore', 'ignore_ament_install']
[2.889s] Level 1:colcon.colcon_core.package_identification:_identify(.) by extension 'ignore'
[2.889s] Level 1:colcon.colcon_core.package_identification:_identify(.) by extension 'ignore_ament_install'
[2.889s] Level 1:colcon.colcon_core.package_identification:_identify(.) by extensions ['colcon_pkg']
[2.889s] Level 1:colcon.colcon_core.package_identification:_identify(.) by extension 'colcon_pkg'
[2.889s] Level 1:colcon.colcon_core.package_identification:_identify(.) by extensions ['colcon_meta']
[2.890s] Level 1:colcon.colcon_core.package_identification:_identify(.) by extension 'colcon_meta'
[2.890s] Level 1:colcon.colcon_core.package_identification:_identify(.) by extensions ['ros']
[2.890s] Level 1:colcon.colcon_core.package_identification:_identify(.) by extension 'ros'
[3.010s] DEBUG:colcon.colcon_core.package_identification:Package '.' with type 'ros.ament_python' and name 'my_youbot'
[3.010s] Level 1:colcon.colcon_core.package_discovery:discover_packages(recursive) using defaults
[3.010s] Level 1:colcon.colcon_core.package_discovery:discover_packages(ignore) discover
[3.010s] Level 1:colcon.colcon_core.package_discovery:discover_packages(ignore) using defaults
[3.010s] Level 1:colcon.colcon_core.package_discovery:discover_packages(path) discover
[3.010s] Level 1:colcon.colcon_core.package_discovery:discover_packages(path) using defaults
[3.200s] Level 1:colcon.colcon_core.package_discovery:discover_packages(prefix_path) check parameters
[3.200s] Level 1:colcon.colcon_core.package_discovery:discover_packages(prefix_path) discover
[3.219s] DEBUG:colcon.colcon_installed_package_information.package_discovery:Found 1 installed packages in /home/vadim/ros2_ws/src/my_youbot/install
[3.220s] DEBUG:colcon.colcon_installed_package_information.package_discovery:Found 16 installed packages in /home/vadim/ros2_ws/install
[3.230s] DEBUG:colcon.colcon_installed_package_information.package_discovery:Found 293 installed packages in /opt/ros/humble
[3.249s] Level 1:colcon.colcon_core.package_discovery:discover_packages(prefix_path) using defaults
[3.710s] Level 5:colcon.colcon_core.verb:set package 'my_youbot' build argument 'cmake_args' from command line to 'None'
[3.710s] Level 5:colcon.colcon_core.verb:set package 'my_youbot' build argument 'cmake_target' from command line to 'None'
[3.710s] Level 5:colcon.colcon_core.verb:set package 'my_youbot' build argument 'cmake_target_skip_unavailable' from command line to 'False'
[3.710s] Level 5:colcon.colcon_core.verb:set package 'my_youbot' build argument 'cmake_clean_cache' from command line to 'False'
[3.710s] Level 5:colcon.colcon_core.verb:set package 'my_youbot' build argument 'cmake_clean_first' from command line to 'False'
[3.710s] Level 5:colcon.colcon_core.verb:set package 'my_youbot' build argument 'cmake_force_configure' from command line to 'False'
[3.719s] Level 5:colcon.colcon_core.verb:set package 'my_youbot' build argument 'ament_cmake_args' from command line to 'None'
[3.719s] Level 5:colcon.colcon_core.verb:set package 'my_youbot' build argument 'catkin_cmake_args' from command line to 'None'
[3.719s] Level 5:colcon.colcon_core.verb:set package 'my_youbot' build argument 'catkin_skip_building_tests' from command line to 'False'
[3.719s] DEBUG:colcon.colcon_core.verb:Building package 'my_youbot' with the following arguments: {'ament_cmake_args': None, 'build_base': '/home/vadim/ros2_ws/src/my_youbot/build/my_youbot', 'catkin_cmake_args': None, 'catkin_skip_building_tests': False, 'cmake_args': None, 'cmake_clean_cache': False, 'cmake_clean_first': False, 'cmake_force_configure': False, 'cmake_target': None, 'cmake_target_skip_unavailable': False, 'install_base': '/home/vadim/ros2_ws/src/my_youbot/install/my_youbot', 'merge_install': False, 'path': '/home/vadim/ros2_ws/src/my_youbot', 'symlink_install': False, 'test_result_base': None}
[3.719s] INFO:colcon.colcon_core.executor:Executing jobs using 'parallel' executor
[3.729s] DEBUG:colcon.colcon_parallel_executor.executor.parallel:run_until_complete
[3.729s] INFO:colcon.colcon_ros.task.ament_python.build:Building ROS package in '/home/vadim/ros2_ws/src/my_youbot' with build type 'ament_python'
[3.730s] Level 1:colcon.colcon_core.shell:create_environment_hook('my_youbot', 'ament_prefix_path')
[3.749s] INFO:colcon.colcon_core.plugin_system:Skipping extension 'colcon_core.shell.bat': Not used on non-Windows systems
[3.750s] INFO:colcon.colcon_core.shell:Creating environment hook '/home/vadim/ros2_ws/src/my_youbot/install/my_youbot/share/my_youbot/hook/ament_prefix_path.ps1'
[3.759s] INFO:colcon.colcon_core.shell:Creating environment descriptor '/home/vadim/ros2_ws/src/my_youbot/install/my_youbot/share/my_youbot/hook/ament_prefix_path.dsv'
[3.759s] INFO:colcon.colcon_core.shell:Creating environment hook '/home/vadim/ros2_ws/src/my_youbot/install/my_youbot/share/my_youbot/hook/ament_prefix_path.sh'
[3.769s] INFO:colcon.colcon_core.shell:Skip shell extension 'powershell' for command environment: Not usable outside of PowerShell
[3.769s] DEBUG:colcon.colcon_core.shell:Skip shell extension 'dsv' for command environment
[6.189s] INFO:colcon.colcon_core.task.python.build:Building Python package in '/home/vadim/ros2_ws/src/my_youbot'
[6.189s] INFO:colcon.colcon_core.shell:Skip shell extension 'powershell' for command environment: Not usable outside of PowerShell
[6.189s] DEBUG:colcon.colcon_core.shell:Skip shell extension 'dsv' for command environment
[9.649s] DEBUG:colcon.colcon_core.event_handler.log_command:Invoking command in '/home/vadim/ros2_ws/src/my_youbot': PYTHONPATH=/home/vadim/ros2_ws/src/my_youbot/build/my_youbot/prefix_override:/usr/lib/python3/dist-packages/colcon_core/task/python/colcon_distutils_commands:/home/vadim/ros2_ws/src/my_youbot/install/my_youbot/lib/python3.10/site-packages:${PYTHONPATH} /usr/bin/python3 -W ignore:setup.py install is deprecated setup.py egg_info --egg-base build/my_youbot build --build-base /home/vadim/ros2_ws/src/my_youbot/build/my_youbot/build install --record /home/vadim/ros2_ws/src/my_youbot/build/my_youbot/install.log --single-version-externally-managed install_data
[12.319s] Level 1:colcon.colcon_core.environment:checking '/home/vadim/ros2_ws/src/my_youbot/install/my_youbot' for CMake module files
[12.319s] Level 1:colcon.colcon_core.environment:checking '/home/vadim/ros2_ws/src/my_youbot/install/my_youbot' for CMake config files
[12.329s] Level 1:colcon.colcon_core.environment:checking '/home/vadim/ros2_ws/src/my_youbot/install/my_youbot/lib'
[12.329s] Level 1:colcon.colcon_core.environment:checking '/home/vadim/ros2_ws/src/my_youbot/install/my_youbot/bin'
[12.329s] Level 1:colcon.colcon_core.environment:checking '/home/vadim/ros2_ws/src/my_youbot/install/my_youbot/lib/pkgconfig/my_youbot.pc'
[12.329s] Level 1:colcon.colcon_core.environment:checking '/home/vadim/ros2_ws/src/my_youbot/install/my_youbot/lib/python3.10/site-packages'
[12.329s] Level 1:colcon.colcon_core.shell:create_environment_hook('my_youbot', 'pythonpath')
[12.330s] INFO:colcon.colcon_core.shell:Creating environment hook '/home/vadim/ros2_ws/src/my_youbot/install/my_youbot/share/my_youbot/hook/pythonpath.ps1'
[12.339s] DEBUG:colcon.colcon_core.event_handler.log_command:Invoked command in '/home/vadim/ros2_ws/src/my_youbot' returned '0': PYTHONPATH=/home/vadim/ros2_ws/src/my_youbot/build/my_youbot/prefix_override:/usr/lib/python3/dist-packages/colcon_core/task/python/colcon_distutils_commands:/home/vadim/ros2_ws/src/my_youbot/install/my_youbot/lib/python3.10/site-packages:${PYTHONPATH} /usr/bin/python3 -W ignore:setup.py install is deprecated setup.py egg_info --egg-base build/my_youbot build --build-base /home/vadim/ros2_ws/src/my_youbot/build/my_youbot/build install --record /home/vadim/ros2_ws/src/my_youbot/build/my_youbot/install.log --single-version-externally-managed install_data
[12.349s] INFO:colcon.colcon_core.shell:Creating environment descriptor '/home/vadim/ros2_ws/src/my_youbot/install/my_youbot/share/my_youbot/hook/pythonpath.dsv'
[12.349s] INFO:colcon.colcon_core.shell:Creating environment hook '/home/vadim/ros2_ws/src/my_youbot/install/my_youbot/share/my_youbot/hook/pythonpath.sh'
[12.350s] Level 1:colcon.colcon_core.environment:checking '/home/vadim/ros2_ws/src/my_youbot/install/my_youbot/bin'
[12.359s] Level 1:colcon.colcon_core.environment:create_environment_scripts_only(my_youbot)
[12.359s] INFO:colcon.colcon_core.shell:Creating package script '/home/vadim/ros2_ws/src/my_youbot/install/my_youbot/share/my_youbot/package.ps1'
[12.360s] INFO:colcon.colcon_core.shell:Creating package descriptor '/home/vadim/ros2_ws/src/my_youbot/install/my_youbot/share/my_youbot/package.dsv'
[12.369s] INFO:colcon.colcon_core.shell:Creating package script '/home/vadim/ros2_ws/src/my_youbot/install/my_youbot/share/my_youbot/package.sh'
[12.379s] INFO:colcon.colcon_core.shell:Creating package script '/home/vadim/ros2_ws/src/my_youbot/install/my_youbot/share/my_youbot/package.bash'
[12.380s] INFO:colcon.colcon_core.shell:Creating package script '/home/vadim/ros2_ws/src/my_youbot/install/my_youbot/share/my_youbot/package.zsh'
[12.389s] Level 1:colcon.colcon_core.environment:create_file_with_runtime_dependencies(/home/vadim/ros2_ws/src/my_youbot/install/my_youbot/share/colcon-core/packages/my_youbot)
[12.390s] DEBUG:colcon.colcon_parallel_executor.executor.parallel:closing loop
[12.390s] DEBUG:colcon.colcon_parallel_executor.executor.parallel:loop closed
[12.419s] DEBUG:colcon.colcon_parallel_executor.executor.parallel:run_until_complete finished with '0'
[12.419s] DEBUG:colcon.colcon_core.event_reactor:joining thread
[12.800s] INFO:colcon.colcon_core.plugin_system:Skipping extension 'colcon_notification.desktop_notification.notify_send': Could not find 'notify-send'
[12.809s] INFO:colcon.colcon_core.plugin_system:Skipping extension 'colcon_notification.desktop_notification.terminal_notifier': Not used on non-Darwin systems
[12.809s] INFO:colcon.colcon_core.plugin_system:Skipping extension 'colcon_notification.desktop_notification.win32': Not used on non-Windows systems
[12.809s] INFO:colcon.colcon_notification.desktop_notification:Sending desktop notification using 'notify2'
[12.809s] DEBUG:colcon.colcon_notification.desktop_notification.notify2:Failed to initialize notify2: org.freedesktop.DBus.Error.FileNotFound: Failed to connect to socket /run/user/1000/bus: No such file or directory
[12.810s] DEBUG:colcon.colcon_core.event_reactor:joined thread
[12.810s] INFO:colcon.colcon_core.shell:Creating prefix script '/home/vadim/ros2_ws/src/my_youbot/install/local_setup.ps1'
[12.820s] INFO:colcon.colcon_core.shell:Creating prefix util module '/home/vadim/ros2_ws/src/my_youbot/install/_local_setup_util_ps1.py'
[12.829s] INFO:colcon.colcon_core.shell:Creating prefix chain script '/home/vadim/ros2_ws/src/my_youbot/install/setup.ps1'
[12.840s] INFO:colcon.colcon_core.shell:Creating prefix script '/home/vadim/ros2_ws/src/my_youbot/install/local_setup.sh'
[12.849s] INFO:colcon.colcon_core.shell:Creating prefix util module '/home/vadim/ros2_ws/src/my_youbot/install/_local_setup_util_sh.py'
[12.849s] INFO:colcon.colcon_core.shell:Creating prefix chain script '/home/vadim/ros2_ws/src/my_youbot/install/setup.sh'
[12.859s] INFO:colcon.colcon_core.shell:Creating prefix script '/home/vadim/ros2_ws/src/my_youbot/install/local_setup.bash'
[12.860s] INFO:colcon.colcon_core.shell:Creating prefix chain script '/home/vadim/ros2_ws/src/my_youbot/install/setup.bash'
[12.879s] INFO:colcon.colcon_core.shell:Creating prefix script '/home/vadim/ros2_ws/src/my_youbot/install/local_setup.zsh'
[12.880s] INFO:colcon.colcon_core.shell:Creating prefix chain script '/home/vadim/ros2_ws/src/my_youbot/install/setup.zsh'
