[0.685s] Invoking command in '/home/vadim/ros2_ws/src/my_youbot': PYTHONPATH=/home/vadim/ros2_ws/src/my_youbot/build/my_youbot/prefix_override:/usr/lib/python3/dist-packages/colcon_core/task/python/colcon_distutils_commands:/home/vadim/ros2_ws/src/my_youbot/install/my_youbot/lib/python3.10/site-packages:${PYTHONPATH} /usr/bin/python3 -W ignore:setup.py install is deprecated setup.py egg_info --egg-base build/my_youbot build --build-base /home/vadim/ros2_ws/src/my_youbot/build/my_youbot/build install --record /home/vadim/ros2_ws/src/my_youbot/build/my_youbot/install.log --single-version-externally-managed install_data
[0.923s] running egg_info
[0.924s] writing build/my_youbot/my_youbot.egg-info/PKG-INFO
[0.924s] writing dependency_links to build/my_youbot/my_youbot.egg-info/dependency_links.txt
[0.924s] writing entry points to build/my_youbot/my_youbot.egg-info/entry_points.txt
[0.925s] writing requirements to build/my_youbot/my_youbot.egg-info/requires.txt
[0.925s] writing top-level names to build/my_youbot/my_youbot.egg-info/top_level.txt
[0.927s] reading manifest file 'build/my_youbot/my_youbot.egg-info/SOURCES.txt'
[0.927s] adding license file 'LICENSE'
[0.928s] writing manifest file 'build/my_youbot/my_youbot.egg-info/SOURCES.txt'
[0.928s] running build
[0.928s] running build_py
[0.928s] copying my_youbot/my_robot_driver.py -> /home/vadim/ros2_ws/src/my_youbot/build/my_youbot/build/lib/my_youbot
[0.928s] running install
[0.929s] running install_lib
[0.929s] copying /home/vadim/ros2_ws/src/my_youbot/build/my_youbot/build/lib/my_youbot/my_robot_driver.py -> /home/vadim/ros2_ws/src/my_youbot/install/my_youbot/lib/python3.10/site-packages/my_youbot
[0.930s] byte-compiling /home/vadim/ros2_ws/src/my_youbot/install/my_youbot/lib/python3.10/site-packages/my_youbot/my_robot_driver.py to my_robot_driver.cpython-310.pyc
[0.931s] running install_data
[0.931s] running install_egg_info
[0.933s] removing '/home/vadim/ros2_ws/src/my_youbot/install/my_youbot/lib/python3.10/site-packages/my_youbot-0.0.0-py3.10.egg-info' (and everything under it)
[0.934s] Copying build/my_youbot/my_youbot.egg-info to /home/vadim/ros2_ws/src/my_youbot/install/my_youbot/lib/python3.10/site-packages/my_youbot-0.0.0-py3.10.egg-info
[0.935s] running install_scripts
[0.956s] Installing my_robot_driver script to /home/vadim/ros2_ws/src/my_youbot/install/my_youbot/lib/my_youbot
[0.956s] writing list of installed files to '/home/vadim/ros2_ws/src/my_youbot/build/my_youbot/install.log'
[0.980s] Invoked command in '/home/vadim/ros2_ws/src/my_youbot' returned '0': PYTHONPATH=/home/vadim/ros2_ws/src/my_youbot/build/my_youbot/prefix_override:/usr/lib/python3/dist-packages/colcon_core/task/python/colcon_distutils_commands:/home/vadim/ros2_ws/src/my_youbot/install/my_youbot/lib/python3.10/site-packages:${PYTHONPATH} /usr/bin/python3 -W ignore:setup.py install is deprecated setup.py egg_info --egg-base build/my_youbot build --build-base /home/vadim/ros2_ws/src/my_youbot/build/my_youbot/build install --record /home/vadim/ros2_ws/src/my_youbot/build/my_youbot/install.log --single-version-externally-managed install_data
