[0.740s] Invoking command in '/home/vadim/ros2_ws/src/my_youbot': PYTHONPATH=/home/vadim/ros2_ws/src/my_youbot/build/my_youbot/prefix_override:/usr/lib/python3/dist-packages/colcon_core/task/python/colcon_distutils_commands:/home/vadim/ros2_ws/src/my_youbot/install/my_youbot/lib/python3.10/site-packages:${PYTHONPATH} /usr/bin/python3 -W ignore:setup.py install is deprecated setup.py egg_info --egg-base build/my_youbot build --build-base /home/vadim/ros2_ws/src/my_youbot/build/my_youbot/build install --record /home/vadim/ros2_ws/src/my_youbot/build/my_youbot/install.log --single-version-externally-managed install_data
[0.962s] running egg_info
[0.963s] writing build/my_youbot/my_youbot.egg-info/PKG-INFO
[0.963s] writing dependency_links to build/my_youbot/my_youbot.egg-info/dependency_links.txt
[0.963s] writing entry points to build/my_youbot/my_youbot.egg-info/entry_points.txt
[0.964s] writing requirements to build/my_youbot/my_youbot.egg-info/requires.txt
[0.964s] writing top-level names to build/my_youbot/my_youbot.egg-info/top_level.txt
[0.966s] reading manifest file 'build/my_youbot/my_youbot.egg-info/SOURCES.txt'
[0.966s] adding license file 'LICENSE'
[0.967s] writing manifest file 'build/my_youbot/my_youbot.egg-info/SOURCES.txt'
[0.967s] running build
[0.967s] running build_py
[0.967s] copying my_youbot/Smach.py -> /home/vadim/ros2_ws/src/my_youbot/build/my_youbot/build/lib/my_youbot
[0.967s] copying my_youbot/control_motor.py -> /home/vadim/ros2_ws/src/my_youbot/build/my_youbot/build/lib/my_youbot
[0.967s] running install
[0.968s] running install_lib
[0.969s] copying /home/vadim/ros2_ws/src/my_youbot/build/my_youbot/build/lib/my_youbot/Smach.py -> /home/vadim/ros2_ws/src/my_youbot/install/my_youbot/lib/python3.10/site-packages/my_youbot
[0.969s] copying /home/vadim/ros2_ws/src/my_youbot/build/my_youbot/build/lib/my_youbot/control_motor.py -> /home/vadim/ros2_ws/src/my_youbot/install/my_youbot/lib/python3.10/site-packages/my_youbot
[0.970s] byte-compiling /home/vadim/ros2_ws/src/my_youbot/install/my_youbot/lib/python3.10/site-packages/my_youbot/Smach.py to Smach.cpython-310.pyc
[0.972s] byte-compiling /home/vadim/ros2_ws/src/my_youbot/install/my_youbot/lib/python3.10/site-packages/my_youbot/control_motor.py to control_motor.cpython-310.pyc
[0.973s] running install_data
[0.973s] copying launch/robot_launch1.py -> /home/vadim/ros2_ws/src/my_youbot/install/my_youbot/share/my_youbot/launch
[0.974s] running install_egg_info
[0.976s] removing '/home/vadim/ros2_ws/src/my_youbot/install/my_youbot/lib/python3.10/site-packages/my_youbot-0.0.0-py3.10.egg-info' (and everything under it)
[0.977s] Copying build/my_youbot/my_youbot.egg-info to /home/vadim/ros2_ws/src/my_youbot/install/my_youbot/lib/python3.10/site-packages/my_youbot-0.0.0-py3.10.egg-info
[0.978s] running install_scripts
[0.998s] Installing camera_node script to /home/vadim/ros2_ws/src/my_youbot/install/my_youbot/lib/my_youbot
[0.998s] Installing control_motor script to /home/vadim/ros2_ws/src/my_youbot/install/my_youbot/lib/my_youbot
[0.998s] Installing my_robot_driver script to /home/vadim/ros2_ws/src/my_youbot/install/my_youbot/lib/my_youbot
[0.998s] Installing smach script to /home/vadim/ros2_ws/src/my_youbot/install/my_youbot/lib/my_youbot
[0.999s] writing list of installed files to '/home/vadim/ros2_ws/src/my_youbot/build/my_youbot/install.log'
[1.023s] Invoked command in '/home/vadim/ros2_ws/src/my_youbot' returned '0': PYTHONPATH=/home/vadim/ros2_ws/src/my_youbot/build/my_youbot/prefix_override:/usr/lib/python3/dist-packages/colcon_core/task/python/colcon_distutils_commands:/home/vadim/ros2_ws/src/my_youbot/install/my_youbot/lib/python3.10/site-packages:${PYTHONPATH} /usr/bin/python3 -W ignore:setup.py install is deprecated setup.py egg_info --egg-base build/my_youbot build --build-base /home/vadim/ros2_ws/src/my_youbot/build/my_youbot/build install --record /home/vadim/ros2_ws/src/my_youbot/build/my_youbot/install.log --single-version-externally-managed install_data
