[0.753s] Invoking command in '/home/vadim/ros2_ws/src/my_youbot': PYTHONPATH=/home/vadim/ros2_ws/src/my_youbot/build/my_youbot/prefix_override:/usr/lib/python3/dist-packages/colcon_core/task/python/colcon_distutils_commands:/home/vadim/ros2_ws/src/my_youbot/install/my_youbot/lib/python3.10/site-packages:${PYTHONPATH} /usr/bin/python3 -W ignore:setup.py install is deprecated setup.py egg_info --egg-base build/my_youbot build --build-base /home/vadim/ros2_ws/src/my_youbot/build/my_youbot/build install --record /home/vadim/ros2_ws/src/my_youbot/build/my_youbot/install.log --single-version-externally-managed install_data
[0.973s] running egg_info
[0.974s] writing build/my_youbot/my_youbot.egg-info/PKG-INFO
[0.974s] writing dependency_links to build/my_youbot/my_youbot.egg-info/dependency_links.txt
[0.975s] writing entry points to build/my_youbot/my_youbot.egg-info/entry_points.txt
[0.975s] writing requirements to build/my_youbot/my_youbot.egg-info/requires.txt
[0.975s] writing top-level names to build/my_youbot/my_youbot.egg-info/top_level.txt
[0.977s] reading manifest file 'build/my_youbot/my_youbot.egg-info/SOURCES.txt'
[0.978s] adding license file 'LICENSE'
[0.979s] writing manifest file 'build/my_youbot/my_youbot.egg-info/SOURCES.txt'
[0.979s] running build
[0.979s] running build_py
[0.980s] copying my_youbot/camera_node.py -> /home/vadim/ros2_ws/src/my_youbot/build/my_youbot/build/lib/my_youbot
[0.980s] running install
[0.981s] running install_lib
[0.982s] copying /home/vadim/ros2_ws/src/my_youbot/build/my_youbot/build/lib/my_youbot/camera_node.py -> /home/vadim/ros2_ws/src/my_youbot/install/my_youbot/lib/python3.10/site-packages/my_youbot
[0.983s] byte-compiling /home/vadim/ros2_ws/src/my_youbot/install/my_youbot/lib/python3.10/site-packages/my_youbot/camera_node.py to camera_node.cpython-310.pyc
[0.984s] running install_data
[0.984s] copying launch/robot_launch.py -> /home/vadim/ros2_ws/src/my_youbot/install/my_youbot/share/my_youbot/launch
[0.984s] running install_egg_info
[0.986s] removing '/home/vadim/ros2_ws/src/my_youbot/install/my_youbot/lib/python3.10/site-packages/my_youbot-0.0.0-py3.10.egg-info' (and everything under it)
[0.987s] Copying build/my_youbot/my_youbot.egg-info to /home/vadim/ros2_ws/src/my_youbot/install/my_youbot/lib/python3.10/site-packages/my_youbot-0.0.0-py3.10.egg-info
[0.990s] running install_scripts
[1.011s] Installing camera_node script to /home/vadim/ros2_ws/src/my_youbot/install/my_youbot/lib/my_youbot
[1.011s] Installing my_robot_driver script to /home/vadim/ros2_ws/src/my_youbot/install/my_youbot/lib/my_youbot
[1.011s] writing list of installed files to '/home/vadim/ros2_ws/src/my_youbot/build/my_youbot/install.log'
[1.035s] Invoked command in '/home/vadim/ros2_ws/src/my_youbot' returned '0': PYTHONPATH=/home/vadim/ros2_ws/src/my_youbot/build/my_youbot/prefix_override:/usr/lib/python3/dist-packages/colcon_core/task/python/colcon_distutils_commands:/home/vadim/ros2_ws/src/my_youbot/install/my_youbot/lib/python3.10/site-packages:${PYTHONPATH} /usr/bin/python3 -W ignore:setup.py install is deprecated setup.py egg_info --egg-base build/my_youbot build --build-base /home/vadim/ros2_ws/src/my_youbot/build/my_youbot/build install --record /home/vadim/ros2_ws/src/my_youbot/build/my_youbot/install.log --single-version-externally-managed install_data
