[0.588s] Invoking command in '/home/vadim/ros2_ws/src/my_youbot': PYTHONPATH=/home/vadim/ros2_ws/src/my_youbot/build/my_youbot/prefix_override:/usr/lib/python3/dist-packages/colcon_core/task/python/colcon_distutils_commands:/home/vadim/ros2_ws/src/my_youbot/install/my_youbot/lib/python3.10/site-packages:${PYTHONPATH} /usr/bin/python3 -W ignore:setup.py install is deprecated setup.py egg_info --egg-base build/my_youbot build --build-base /home/vadim/ros2_ws/src/my_youbot/build/my_youbot/build install --record /home/vadim/ros2_ws/src/my_youbot/build/my_youbot/install.log --single-version-externally-managed install_data
[0.821s] running egg_info
[0.822s] writing build/my_youbot/my_youbot.egg-info/PKG-INFO
[0.823s] writing dependency_links to build/my_youbot/my_youbot.egg-info/dependency_links.txt
[0.823s] writing entry points to build/my_youbot/my_youbot.egg-info/entry_points.txt
[0.823s] writing requirements to build/my_youbot/my_youbot.egg-info/requires.txt
[0.823s] writing top-level names to build/my_youbot/my_youbot.egg-info/top_level.txt
[0.825s] reading manifest file 'build/my_youbot/my_youbot.egg-info/SOURCES.txt'
[0.825s] adding license file 'LICENSE'
[0.826s] writing manifest file 'build/my_youbot/my_youbot.egg-info/SOURCES.txt'
[0.826s] running build
[0.826s] running build_py
[0.826s] running install
[0.827s] running install_lib
[0.828s] running install_data
[0.828s] copying worlds/my_world.wbt -> /home/vadim/ros2_ws/src/my_youbot/install/my_youbot/share/my_youbot/worlds
[0.828s] running install_egg_info
[0.830s] removing '/home/vadim/ros2_ws/src/my_youbot/install/my_youbot/lib/python3.10/site-packages/my_youbot-0.0.0-py3.10.egg-info' (and everything under it)
[0.831s] Copying build/my_youbot/my_youbot.egg-info to /home/vadim/ros2_ws/src/my_youbot/install/my_youbot/lib/python3.10/site-packages/my_youbot-0.0.0-py3.10.egg-info
[0.831s] running install_scripts
[0.852s] Installing camera_node script to /home/vadim/ros2_ws/src/my_youbot/install/my_youbot/lib/my_youbot
[0.852s] Installing my_robot_driver script to /home/vadim/ros2_ws/src/my_youbot/install/my_youbot/lib/my_youbot
[0.853s] Installing obstacle_avoider script to /home/vadim/ros2_ws/src/my_youbot/install/my_youbot/lib/my_youbot
[0.853s] Installing obstacle_smach script to /home/vadim/ros2_ws/src/my_youbot/install/my_youbot/lib/my_youbot
[0.853s] writing list of installed files to '/home/vadim/ros2_ws/src/my_youbot/build/my_youbot/install.log'
[0.877s] Invoked command in '/home/vadim/ros2_ws/src/my_youbot' returned '0': PYTHONPATH=/home/vadim/ros2_ws/src/my_youbot/build/my_youbot/prefix_override:/usr/lib/python3/dist-packages/colcon_core/task/python/colcon_distutils_commands:/home/vadim/ros2_ws/src/my_youbot/install/my_youbot/lib/python3.10/site-packages:${PYTHONPATH} /usr/bin/python3 -W ignore:setup.py install is deprecated setup.py egg_info --egg-base build/my_youbot build --build-base /home/vadim/ros2_ws/src/my_youbot/build/my_youbot/build install --record /home/vadim/ros2_ws/src/my_youbot/build/my_youbot/install.log --single-version-externally-managed install_data
