[0.776s] Invoking command in '/home/vadim/ros2_ws/src/my_youbot': PYTHONPATH=/home/vadim/ros2_ws/src/my_youbot/build/my_youbot/prefix_override:/usr/lib/python3/dist-packages/colcon_core/task/python/colcon_distutils_commands:/home/vadim/ros2_ws/src/my_youbot/install/my_youbot/lib/python3.10/site-packages:${PYTHONPATH} /usr/bin/python3 -W ignore:setup.py install is deprecated setup.py egg_info --egg-base build/my_youbot build --build-base /home/vadim/ros2_ws/src/my_youbot/build/my_youbot/build install --record /home/vadim/ros2_ws/src/my_youbot/build/my_youbot/install.log --single-version-externally-managed install_data
[0.993s] running egg_info
[0.994s] writing build/my_youbot/my_youbot.egg-info/PKG-INFO
[0.994s] writing dependency_links to build/my_youbot/my_youbot.egg-info/dependency_links.txt
[0.995s] writing entry points to build/my_youbot/my_youbot.egg-info/entry_points.txt
[0.995s] writing requirements to build/my_youbot/my_youbot.egg-info/requires.txt
[0.995s] writing top-level names to build/my_youbot/my_youbot.egg-info/top_level.txt
[0.998s] reading manifest file 'build/my_youbot/my_youbot.egg-info/SOURCES.txt'
[0.999s] adding license file 'LICENSE'
[1.000s] writing manifest file 'build/my_youbot/my_youbot.egg-info/SOURCES.txt'
[1.000s] running build
[1.000s] running build_py
[1.001s] copying my_youbot/camera_node.py -> /home/vadim/ros2_ws/src/my_youbot/build/my_youbot/build/lib/my_youbot
[1.002s] copying my_youbot/obstacle_smach.py -> /home/vadim/ros2_ws/src/my_youbot/build/my_youbot/build/lib/my_youbot
[1.004s] running install
[1.005s] running install_lib
[1.007s] copying /home/vadim/ros2_ws/src/my_youbot/build/my_youbot/build/lib/my_youbot/camera_node.py -> /home/vadim/ros2_ws/src/my_youbot/install/my_youbot/lib/python3.10/site-packages/my_youbot
[1.007s] copying /home/vadim/ros2_ws/src/my_youbot/build/my_youbot/build/lib/my_youbot/obstacle_smach.py -> /home/vadim/ros2_ws/src/my_youbot/install/my_youbot/lib/python3.10/site-packages/my_youbot
[1.008s] byte-compiling /home/vadim/ros2_ws/src/my_youbot/install/my_youbot/lib/python3.10/site-packages/my_youbot/camera_node.py to camera_node.cpython-310.pyc
[1.010s] byte-compiling /home/vadim/ros2_ws/src/my_youbot/install/my_youbot/lib/python3.10/site-packages/my_youbot/obstacle_smach.py to obstacle_smach.cpython-310.pyc
[1.011s] running install_data
[1.012s] running install_egg_info
[1.013s] removing '/home/vadim/ros2_ws/src/my_youbot/install/my_youbot/lib/python3.10/site-packages/my_youbot-0.0.0-py3.10.egg-info' (and everything under it)
[1.015s] Copying build/my_youbot/my_youbot.egg-info to /home/vadim/ros2_ws/src/my_youbot/install/my_youbot/lib/python3.10/site-packages/my_youbot-0.0.0-py3.10.egg-info
[1.017s] running install_scripts
[1.038s] Installing camera_node script to /home/vadim/ros2_ws/src/my_youbot/install/my_youbot/lib/my_youbot
[1.039s] Installing my_robot_driver script to /home/vadim/ros2_ws/src/my_youbot/install/my_youbot/lib/my_youbot
[1.039s] Installing obstacle_avoider script to /home/vadim/ros2_ws/src/my_youbot/install/my_youbot/lib/my_youbot
[1.039s] Installing obstacle_smach script to /home/vadim/ros2_ws/src/my_youbot/install/my_youbot/lib/my_youbot
[1.040s] writing list of installed files to '/home/vadim/ros2_ws/src/my_youbot/build/my_youbot/install.log'
[1.067s] Invoked command in '/home/vadim/ros2_ws/src/my_youbot' returned '0': PYTHONPATH=/home/vadim/ros2_ws/src/my_youbot/build/my_youbot/prefix_override:/usr/lib/python3/dist-packages/colcon_core/task/python/colcon_distutils_commands:/home/vadim/ros2_ws/src/my_youbot/install/my_youbot/lib/python3.10/site-packages:${PYTHONPATH} /usr/bin/python3 -W ignore:setup.py install is deprecated setup.py egg_info --egg-base build/my_youbot build --build-base /home/vadim/ros2_ws/src/my_youbot/build/my_youbot/build install --record /home/vadim/ros2_ws/src/my_youbot/build/my_youbot/install.log --single-version-externally-managed install_data
