[0.720s] DEBUG:colcon:Command line arguments: ['/usr/bin/colcon', 'build']
[0.720s] DEBUG:colcon:Parsed command line arguments: Namespace(log_base=None, log_level=None, verb_name='build', build_base='build', install_base='install', merge_install=False, symlink_install=False, test_result_base=None, continue_on_error=False, executor='parallel', parallel_workers=8, event_handlers=None, ignore_user_meta=False, metas=['./colcon.meta'], base_paths=['.'], packages_ignore=None, packages_ignore_regex=None, paths=None, packages_up_to=None, packages_up_to_regex=None, packages_above=None, packages_above_and_dependencies=None, packages_above_depth=None, packages_select_by_dep=None, packages_skip_by_dep=None, packages_skip_up_to=None, packages_select_build_failed=False, packages_skip_build_finished=False, packages_select_test_failures=False, packages_skip_test_passed=False, packages_select=None, packages_skip=None, packages_select_regex=None, packages_skip_regex=None, packages_start=None, packages_end=None, allow_overriding=[], cmake_args=None, cmake_target=None, cmake_target_skip_unavailable=False, cmake_clean_cache=False, cmake_clean_first=False, cmake_force_configure=False, ament_cmake_args=None, catkin_cmake_args=None, catkin_skip_building_tests=False, verb_parser=<colcon_defaults.argument_parser.defaults.DefaultArgumentsDecorator object at 0x7fd77e0d62f0>, verb_extension=<colcon_core.verb.build.BuildVerb object at 0x7fd77e0d5d20>, main=<bound method BuildVerb.main of <colcon_core.verb.build.BuildVerb object at 0x7fd77e0d5d20>>)
[1.348s] Level 1:colcon.colcon_core.package_discovery:discover_packages(colcon_meta) check parameters
[1.349s] Level 1:colcon.colcon_core.package_discovery:discover_packages(recursive) check parameters
[1.349s] Level 1:colcon.colcon_core.package_discovery:discover_packages(ignore) check parameters
[1.349s] Level 1:colcon.colcon_core.package_discovery:discover_packages(path) check parameters
[1.349s] Level 1:colcon.colcon_core.package_discovery:discover_packages(colcon_meta) discover
[1.349s] Level 1:colcon.colcon_core.package_discovery:discover_packages(recursive) discover
[1.349s] INFO:colcon.colcon_core.package_discovery:Crawling recursively for packages in '/home/vadim/ros2_ws/src/my_youbot'
[1.350s] Level 1:colcon.colcon_core.package_identification:_identify(.) by extensions ['ignore', 'ignore_ament_install']
[1.350s] Level 1:colcon.colcon_core.package_identification:_identify(.) by extension 'ignore'
[1.350s] Level 1:colcon.colcon_core.package_identification:_identify(.) by extension 'ignore_ament_install'
[1.350s] Level 1:colcon.colcon_core.package_identification:_identify(.) by extensions ['colcon_pkg']
[1.350s] Level 1:colcon.colcon_core.package_identification:_identify(.) by extension 'colcon_pkg'
[1.350s] Level 1:colcon.colcon_core.package_identification:_identify(.) by extensions ['colcon_meta']
[1.351s] Level 1:colcon.colcon_core.package_identification:_identify(.) by extension 'colcon_meta'
[1.351s] Level 1:colcon.colcon_core.package_identification:_identify(.) by extensions ['ros']
[1.351s] Level 1:colcon.colcon_core.package_identification:_identify(.) by extension 'ros'
[1.390s] DEBUG:colcon.colcon_core.package_identification:Package '.' with type 'ros.ament_python' and name 'my_youbot'
[1.390s] Level 1:colcon.colcon_core.package_discovery:discover_packages(recursive) using defaults
[1.390s] Level 1:colcon.colcon_core.package_discovery:discover_packages(ignore) discover
[1.390s] Level 1:colcon.colcon_core.package_discovery:discover_packages(ignore) using defaults
[1.390s] Level 1:colcon.colcon_core.package_discovery:discover_packages(path) discover
[1.390s] Level 1:colcon.colcon_core.package_discovery:discover_packages(path) using defaults
[1.442s] Level 1:colcon.colcon_core.package_discovery:discover_packages(prefix_path) check parameters
[1.442s] Level 1:colcon.colcon_core.package_discovery:discover_packages(prefix_path) discover
[1.459s] DEBUG:colcon.colcon_installed_package_information.package_discovery:Found 16 installed packages in /home/vadim/ros2_ws/install
[1.460s] DEBUG:colcon.colcon_installed_package_information.package_discovery:Found 293 installed packages in /opt/ros/humble
[1.462s] Level 1:colcon.colcon_core.package_discovery:discover_packages(prefix_path) using defaults
[1.673s] Level 5:colcon.colcon_core.verb:set package 'my_youbot' build argument 'cmake_args' from command line to 'None'
[1.673s] Level 5:colcon.colcon_core.verb:set package 'my_youbot' build argument 'cmake_target' from command line to 'None'
[1.673s] Level 5:colcon.colcon_core.verb:set package 'my_youbot' build argument 'cmake_target_skip_unavailable' from command line to 'False'
[1.673s] Level 5:colcon.colcon_core.verb:set package 'my_youbot' build argument 'cmake_clean_cache' from command line to 'False'
[1.673s] Level 5:colcon.colcon_core.verb:set package 'my_youbot' build argument 'cmake_clean_first' from command line to 'False'
[1.673s] Level 5:colcon.colcon_core.verb:set package 'my_youbot' build argument 'cmake_force_configure' from command line to 'False'
[1.673s] Level 5:colcon.colcon_core.verb:set package 'my_youbot' build argument 'ament_cmake_args' from command line to 'None'
[1.673s] Level 5:colcon.colcon_core.verb:set package 'my_youbot' build argument 'catkin_cmake_args' from command line to 'None'
[1.673s] Level 5:colcon.colcon_core.verb:set package 'my_youbot' build argument 'catkin_skip_building_tests' from command line to 'False'
[1.673s] DEBUG:colcon.colcon_core.verb:Building package 'my_youbot' with the following arguments: {'ament_cmake_args': None, 'build_base': '/home/vadim/ros2_ws/src/my_youbot/build/my_youbot', 'catkin_cmake_args': None, 'catkin_skip_building_tests': False, 'cmake_args': None, 'cmake_clean_cache': False, 'cmake_clean_first': False, 'cmake_force_configure': False, 'cmake_target': None, 'cmake_target_skip_unavailable': False, 'install_base': '/home/vadim/ros2_ws/src/my_youbot/install/my_youbot', 'merge_install': False, 'path': '/home/vadim/ros2_ws/src/my_youbot', 'symlink_install': False, 'test_result_base': None}
[1.673s] INFO:colcon.colcon_core.executor:Executing jobs using 'parallel' executor
[1.675s] DEBUG:colcon.colcon_parallel_executor.executor.parallel:run_until_complete
[1.675s] INFO:colcon.colcon_ros.task.ament_python.build:Building ROS package in '/home/vadim/ros2_ws/src/my_youbot' with build type 'ament_python'
[1.676s] Level 1:colcon.colcon_core.shell:create_environment_hook('my_youbot', 'ament_prefix_path')
[1.684s] INFO:colcon.colcon_core.plugin_system:Skipping extension 'colcon_core.shell.bat': Not used on non-Windows systems
[1.685s] INFO:colcon.colcon_core.shell:Creating environment hook '/home/vadim/ros2_ws/src/my_youbot/install/my_youbot/share/my_youbot/hook/ament_prefix_path.ps1'
[1.686s] INFO:colcon.colcon_core.shell:Creating environment descriptor '/home/vadim/ros2_ws/src/my_youbot/install/my_youbot/share/my_youbot/hook/ament_prefix_path.dsv'
[1.687s] INFO:colcon.colcon_core.shell:Creating environment hook '/home/vadim/ros2_ws/src/my_youbot/install/my_youbot/share/my_youbot/hook/ament_prefix_path.sh'
[1.688s] INFO:colcon.colcon_core.shell:Skip shell extension 'powershell' for command environment: Not usable outside of PowerShell
[1.688s] DEBUG:colcon.colcon_core.shell:Skip shell extension 'dsv' for command environment
[1.945s] INFO:colcon.colcon_core.task.python.build:Building Python package in '/home/vadim/ros2_ws/src/my_youbot'
[1.945s] INFO:colcon.colcon_core.shell:Skip shell extension 'powershell' for command environment: Not usable outside of PowerShell
[1.945s] DEBUG:colcon.colcon_core.shell:Skip shell extension 'dsv' for command environment
[2.464s] DEBUG:colcon.colcon_core.event_handler.log_command:Invoking command in '/home/vadim/ros2_ws/src/my_youbot': PYTHONPATH=/home/vadim/ros2_ws/src/my_youbot/build/my_youbot/prefix_override:/usr/lib/python3/dist-packages/colcon_core/task/python/colcon_distutils_commands:/home/vadim/ros2_ws/src/my_youbot/install/my_youbot/lib/python3.10/site-packages:${PYTHONPATH} /usr/bin/python3 -W ignore:setup.py install is deprecated setup.py egg_info --egg-base build/my_youbot build --build-base /home/vadim/ros2_ws/src/my_youbot/build/my_youbot/build install --record /home/vadim/ros2_ws/src/my_youbot/build/my_youbot/install.log --single-version-externally-managed install_data
[2.753s] DEBUG:colcon.colcon_core.event_handler.log_command:Invoked command in '/home/vadim/ros2_ws/src/my_youbot' returned '0': PYTHONPATH=/home/vadim/ros2_ws/src/my_youbot/build/my_youbot/prefix_override:/usr/lib/python3/dist-packages/colcon_core/task/python/colcon_distutils_commands:/home/vadim/ros2_ws/src/my_youbot/install/my_youbot/lib/python3.10/site-packages:${PYTHONPATH} /usr/bin/python3 -W ignore:setup.py install is deprecated setup.py egg_info --egg-base build/my_youbot build --build-base /home/vadim/ros2_ws/src/my_youbot/build/my_youbot/build install --record /home/vadim/ros2_ws/src/my_youbot/build/my_youbot/install.log --single-version-externally-managed install_data
[2.764s] Level 1:colcon.colcon_core.environment:checking '/home/vadim/ros2_ws/src/my_youbot/install/my_youbot' for CMake module files
[2.765s] Level 1:colcon.colcon_core.environment:checking '/home/vadim/ros2_ws/src/my_youbot/install/my_youbot' for CMake config files
[2.773s] Level 1:colcon.colcon_core.environment:checking '/home/vadim/ros2_ws/src/my_youbot/install/my_youbot/lib'
[2.774s] Level 1:colcon.colcon_core.environment:checking '/home/vadim/ros2_ws/src/my_youbot/install/my_youbot/bin'
[2.774s] Level 1:colcon.colcon_core.environment:checking '/home/vadim/ros2_ws/src/my_youbot/install/my_youbot/lib/pkgconfig/my_youbot.pc'
[2.774s] Level 1:colcon.colcon_core.environment:checking '/home/vadim/ros2_ws/src/my_youbot/install/my_youbot/lib/python3.10/site-packages'
[2.774s] Level 1:colcon.colcon_core.shell:create_environment_hook('my_youbot', 'pythonpath')
[2.774s] INFO:colcon.colcon_core.shell:Creating environment hook '/home/vadim/ros2_ws/src/my_youbot/install/my_youbot/share/my_youbot/hook/pythonpath.ps1'
[2.775s] INFO:colcon.colcon_core.shell:Creating environment descriptor '/home/vadim/ros2_ws/src/my_youbot/install/my_youbot/share/my_youbot/hook/pythonpath.dsv'
[2.775s] INFO:colcon.colcon_core.shell:Creating environment hook '/home/vadim/ros2_ws/src/my_youbot/install/my_youbot/share/my_youbot/hook/pythonpath.sh'
[2.775s] Level 1:colcon.colcon_core.environment:checking '/home/vadim/ros2_ws/src/my_youbot/install/my_youbot/bin'
[2.775s] Level 1:colcon.colcon_core.environment:create_environment_scripts_only(my_youbot)
[2.776s] INFO:colcon.colcon_core.shell:Creating package script '/home/vadim/ros2_ws/src/my_youbot/install/my_youbot/share/my_youbot/package.ps1'
[2.777s] INFO:colcon.colcon_core.shell:Creating package descriptor '/home/vadim/ros2_ws/src/my_youbot/install/my_youbot/share/my_youbot/package.dsv'
[2.778s] INFO:colcon.colcon_core.shell:Creating package script '/home/vadim/ros2_ws/src/my_youbot/install/my_youbot/share/my_youbot/package.sh'
[2.780s] INFO:colcon.colcon_core.shell:Creating package script '/home/vadim/ros2_ws/src/my_youbot/install/my_youbot/share/my_youbot/package.bash'
[2.781s] INFO:colcon.colcon_core.shell:Creating package script '/home/vadim/ros2_ws/src/my_youbot/install/my_youbot/share/my_youbot/package.zsh'
[2.783s] Level 1:colcon.colcon_core.environment:create_file_with_runtime_dependencies(/home/vadim/ros2_ws/src/my_youbot/install/my_youbot/share/colcon-core/packages/my_youbot)
[2.784s] DEBUG:colcon.colcon_parallel_executor.executor.parallel:closing loop
[2.784s] DEBUG:colcon.colcon_parallel_executor.executor.parallel:loop closed
[2.784s] DEBUG:colcon.colcon_parallel_executor.executor.parallel:run_until_complete finished with '0'
[2.784s] DEBUG:colcon.colcon_core.event_reactor:joining thread
[2.876s] INFO:colcon.colcon_core.plugin_system:Skipping extension 'colcon_notification.desktop_notification.notify_send': Could not find 'notify-send'
[2.876s] INFO:colcon.colcon_core.plugin_system:Skipping extension 'colcon_notification.desktop_notification.terminal_notifier': Not used on non-Darwin systems
[2.876s] INFO:colcon.colcon_core.plugin_system:Skipping extension 'colcon_notification.desktop_notification.win32': Not used on non-Windows systems
[2.876s] INFO:colcon.colcon_notification.desktop_notification:Sending desktop notification using 'notify2'
[2.877s] DEBUG:colcon.colcon_notification.desktop_notification.notify2:Failed to initialize notify2: org.freedesktop.DBus.Error.FileNotFound: Failed to connect to socket /run/user/1000/bus: No such file or directory
[2.877s] DEBUG:colcon.colcon_core.event_reactor:joined thread
[2.877s] INFO:colcon.colcon_core.shell:Creating prefix script '/home/vadim/ros2_ws/src/my_youbot/install/local_setup.ps1'
[2.879s] INFO:colcon.colcon_core.shell:Creating prefix util module '/home/vadim/ros2_ws/src/my_youbot/install/_local_setup_util_ps1.py'
[2.881s] INFO:colcon.colcon_core.shell:Creating prefix chain script '/home/vadim/ros2_ws/src/my_youbot/install/setup.ps1'
[2.882s] INFO:colcon.colcon_core.shell:Creating prefix script '/home/vadim/ros2_ws/src/my_youbot/install/local_setup.sh'
[2.883s] INFO:colcon.colcon_core.shell:Creating prefix util module '/home/vadim/ros2_ws/src/my_youbot/install/_local_setup_util_sh.py'
[2.884s] INFO:colcon.colcon_core.shell:Creating prefix chain script '/home/vadim/ros2_ws/src/my_youbot/install/setup.sh'
[2.886s] INFO:colcon.colcon_core.shell:Creating prefix script '/home/vadim/ros2_ws/src/my_youbot/install/local_setup.bash'
[2.887s] INFO:colcon.colcon_core.shell:Creating prefix chain script '/home/vadim/ros2_ws/src/my_youbot/install/setup.bash'
[2.889s] INFO:colcon.colcon_core.shell:Creating prefix script '/home/vadim/ros2_ws/src/my_youbot/install/local_setup.zsh'
[2.890s] INFO:colcon.colcon_core.shell:Creating prefix chain script '/home/vadim/ros2_ws/src/my_youbot/install/setup.zsh'
